<?xml version="1.0" encoding="UTF-8"?>
<testsuites>
  <testsuite name="hello" timestamp="2024-07-22T12:32:35Z" hostname="1e2292a74a5e" tests="3" skipped="0" failures="0" errors="0" time="0.208">
    <testcase time="0.012" classname="hello" name="hello_works"/>
    <testcase time="0.184" classname="hello" name="hello_cli_works"/>
    <testcase time="0.012" classname="hello" name="fix_me_"/>
  </testsuite>
</testsuites>
